# JRE version: Java(TM) SE Runtime Environment (8.0_60-b27) (build 1.8.0_60-b27)
# Java VM: Java HotSpot(TM) 64-Bit Server VM (25.60-b23 mixed mode bsd-amd64 compressed oops)
Heap:
 PSYoungGen      total 374272K, used 340050K [0x0000000780000000, 0x000000079b200000, 0x00000007c0000000)
  eden space 348160K, 90% used [0x0000000780000000,0x000000079329c888,0x0000000795400000)
  from space 26112K, 99% used [0x0000000799880000,0x000000079b1f8260,0x000000079b200000)
  to   space 40448K, 0% used [0x0000000796300000,0x0000000796300000,0x0000000798a80000)
 ParOldGen       total 280064K, used 147612K [0x0000000700000000, 0x0000000711180000, 0x0000000780000000)
  object space 280064K, 52% used [0x0000000700000000,0x0000000709027130,0x0000000711180000)
 Metaspace       used 55071K, capacity 55932K, committed 56192K, reserved 1097728K
  class space    used 7007K, capacity 7234K, committed 7296K, reserved 1048576K
GC Heap History (10 events):
Event: 9.589 GC heap before
{Heap before GC invocations=17 (full 2):
 PSYoungGen      total 211968K, used 204524K [0x0000000780000000, 0x0000000790100000, 0x00000007c0000000)
  eden space 207360K, 96% used [0x0000000780000000,0x000000078c3ad3f8,0x000000078ca80000)
  from space 4608K, 90% used [0x000000078fc80000,0x000000079008dfb8,0x0000000790100000)
  to   space 20480K, 0% used [0x000000078d900000,0x000000078d900000,0x000000078ed00000)
 ParOldGen       total 154624K, used 84706K [0x0000000700000000, 0x0000000709700000, 0x0000000780000000)
  object space 154624K, 54% used [0x0000000700000000,0x00000007052b8958,0x0000000709700000)
 Metaspace       used 34060K, capacity 34694K, committed 34944K, reserved 1079296K
  class space    used 4210K, capacity 4355K, committed 4480K, reserved 1048576K
Event: 9.651 GC heap after
Heap after GC invocations=17 (full 2):
 PSYoungGen      total 242688K, used 3614K [0x0000000780000000, 0x0000000794180000, 0x00000007c0000000)
  eden space 222208K, 0% used [0x0000000780000000,0x0000000780000000,0x000000078d900000)
  from space 20480K, 17% used [0x000000078d900000,0x000000078dc87858,0x000000078ed00000)
  to   space 19968K, 0% used [0x0000000792e00000,0x0000000792e00000,0x0000000794180000)
 ParOldGen       total 154624K, used 118446K [0x0000000700000000, 0x0000000709700000, 0x0000000780000000)
  object space 154624K, 76% used [0x0000000700000000,0x00000007073ab978,0x0000000709700000)
 Metaspace       used 34060K, capacity 34694K, committed 34944K, reserved 1079296K
  class space    used 4210K, capacity 4355K, committed 4480K, reserved 1048576K
}
Event: 10.845 GC heap before
{Heap before GC invocations=18 (full 2):
 PSYoungGen      total 242688K, used 225822K [0x0000000780000000, 0x0000000794180000, 0x00000007c0000000)
  eden space 222208K, 100% used [0x0000000780000000,0x000000078d900000,0x000000078d900000)
  from space 20480K, 17% used [0x000000078d900000,0x000000078dc87858,0x000000078ed00000)
  to   space 19968K, 0% used [0x0000000792e00000,0x0000000792e00000,0x0000000794180000)
 ParOldGen       total 154624K, used 118446K [0x0000000700000000, 0x0000000709700000, 0x0000000780000000)
  object space 154624K, 76% used [0x0000000700000000,0x00000007073ab978,0x0000000709700000)
 Metaspace       used 37454K, capacity 38130K, committed 38400K, reserved 1083392K
  class space    used 4611K, capacity 4773K, committed 4864K, reserved 1048576K
Event: 10.877 GC heap after
Heap after GC invocations=18 (full 2):
 PSYoungGen      total 304128K, used 19943K [0x0000000780000000, 0x0000000795c00000, 0x00000007c0000000)
  eden space 284160K, 0% used [0x0000000780000000,0x0000000780000000,0x0000000791580000)
  from space 19968K, 99% used [0x0000000792e00000,0x0000000794179f78,0x0000000794180000)
  to   space 25088K, 0% used [0x0000000791580000,0x0000000791580000,0x0000000792e00000)
 ParOldGen       total 154624K, used 123337K [0x0000000700000000, 0x0000000709700000, 0x0000000780000000)
  object space 154624K, 79% used [0x0000000700000000,0x0000000707872790,0x0000000709700000)
 Metaspace       used 37454K, capacity 38130K, committed 38400K, reserved 1083392K
  class space    used 4611K, capacity 4773K, committed 4864K, reserved 1048576K
}
Event: 11.814 GC heap before
{Heap before GC invocations=19 (full 2):
 PSYoungGen      total 304128K, used 298776K [0x0000000780000000, 0x0000000795c00000, 0x00000007c0000000)
  eden space 284160K, 98% used [0x0000000780000000,0x000000079104c0c8,0x0000000791580000)
  from space 19968K, 99% used [0x0000000792e00000,0x0000000794179f78,0x0000000794180000)
  to   space 25088K, 0% used [0x0000000791580000,0x0000000791580000,0x0000000792e00000)
 ParOldGen       total 154624K, used 123337K [0x0000000700000000, 0x0000000709700000, 0x0000000780000000)
  object space 154624K, 79% used [0x0000000700000000,0x0000000707872790,0x0000000709700000)
 Metaspace       used 42970K, capacity 43602K, committed 44032K, reserved 1087488K
  class space    used 5165K, capacity 5317K, committed 5376K, reserved 1048576K
Event: 11.861 GC heap after
Heap after GC invocations=19 (full 2):
 PSYoungGen      total 309248K, used 15265K [0x0000000780000000, 0x000000079b200000, 0x00000007c0000000)
  eden space 284160K, 0% used [0x0000000780000000,0x0000000780000000,0x0000000791580000)
  from space 25088K, 60% used [0x0000000791580000,0x00000007924687c8,0x0000000792e00000)
  to   space 26112K, 0% used [0x0000000799880000,0x0000000799880000,0x000000079b200000)
 ParOldGen       total 154624K, used 142873K [0x0000000700000000, 0x0000000709700000, 0x0000000780000000)
  object space 154624K, 92% used [0x0000000700000000,0x0000000708b86608,0x0000000709700000)
 Metaspace       used 42970K, capacity 43602K, committed 44032K, reserved 1087488K
  class space    used 5165K, capacity 5317K, committed 5376K, reserved 1048576K
}
Event: 11.861 GC heap before
{Heap before GC invocations=20 (full 3):
 PSYoungGen      total 309248K, used 15265K [0x0000000780000000, 0x000000079b200000, 0x00000007c0000000)
  eden space 284160K, 0% used [0x0000000780000000,0x0000000780000000,0x0000000791580000)
  from space 25088K, 60% used [0x0000000791580000,0x00000007924687c8,0x0000000792e00000)
  to   space 26112K, 0% used [0x0000000799880000,0x0000000799880000,0x000000079b200000)
 ParOldGen       total 154624K, used 142873K [0x0000000700000000, 0x0000000709700000, 0x0000000780000000)
  object space 154624K, 92% used [0x0000000700000000,0x0000000708b86608,0x0000000709700000)
 Metaspace       used 42970K, capacity 43602K, committed 44032K, reserved 1087488K
  class space    used 5165K, capacity 5317K, committed 5376K, reserved 1048576K
Event: 12.027 GC heap after
Heap after GC invocations=20 (full 3):
 PSYoungGen      total 309248K, used 0K [0x0000000780000000, 0x000000079b200000, 0x00000007c0000000)
  eden space 284160K, 0% used [0x0000000780000000,0x0000000780000000,0x0000000791580000)
  from space 25088K, 0% used [0x0000000791580000,0x0000000791580000,0x0000000792e00000)
  to   space 26112K, 0% used [0x0000000799880000,0x0000000799880000,0x000000079b200000)
 ParOldGen       total 280064K, used 121279K [0x0000000700000000, 0x0000000711180000, 0x0000000780000000)
  object space 280064K, 43% used [0x0000000700000000,0x000000070766fef8,0x0000000711180000)
 Metaspace       used 42970K, capacity 43602K, committed 44032K, reserved 1087488K
  class space    used 5165K, capacity 5317K, committed 5376K, reserved 1048576K
}
Event: 13.902 GC heap before
{Heap before GC invocations=21 (full 3):
 PSYoungGen      total 309248K, used 284160K [0x0000000780000000, 0x000000079b200000, 0x00000007c0000000)
  eden space 284160K, 100% used [0x0000000780000000,0x0000000791580000,0x0000000791580000)
  from space 25088K, 0% used [0x0000000791580000,0x0000000791580000,0x0000000792e00000)
  to   space 26112K, 0% used [0x0000000799880000,0x0000000799880000,0x000000079b200000)
 ParOldGen       total 280064K, used 121279K [0x0000000700000000, 0x0000000711180000, 0x0000000780000000)
  object space 280064K, 43% used [0x0000000700000000,0x000000070766fef8,0x0000000711180000)
 Metaspace       used 49329K, capacity 50178K, committed 50560K, reserved 1093632K
  class space    used 5945K, capacity 6155K, committed 6272K, reserved 1048576K
Event: 13.962 GC heap after
Heap after GC invocations=21 (full 3):
 PSYoungGen      total 374272K, used 26080K [0x0000000780000000, 0x000000079b200000, 0x00000007c0000000)
  eden space 348160K, 0% used [0x0000000780000000,0x0000000780000000,0x0000000795400000)
  from space 26112K, 99% used [0x0000000799880000,0x000000079b1f8260,0x000000079b200000)
  to   space 40448K, 0% used [0x0000000796300000,0x0000000796300000,0x0000000798a80000)
 ParOldGen       total 280064K, used 147612K [0x0000000700000000, 0x0000000711180000, 0x0000000780000000)
  object space 280064K, 52% used [0x0000000700000000,0x0000000709027130,0x0000000711180000)
 Metaspace       used 49329K, capacity 50178K, committed 50560K, reserved 1093632K
  class space    used 5945K, capacity 6155K, committed 6272K, reserved 1048576K
}

